[2026-05-01 22:59:47.456] [drdaemon] [info] ===============================================================
[2026-05-01 22:59:47.457] [drdaemon] [info] Log manager initialized - DR Daemon session started
[2026-05-01 22:59:47.457] [drdaemon] [info] ===============================================================
[2026-05-01 22:59:47.457] [drdaemon] [info] DR Daemon starting...
[2026-05-01 22:59:47.458] [drdaemon] [info] Starting DR Daemon - target: drengsrv.exe, interval: 0.5s
[2026-05-01 22:59:47.458] [drdaemon] [info] Target process set to: drengsrv.exe
[2026-05-01 22:59:47.458] [drdaemon] [info] Log directory name set to: log
[2026-05-01 22:59:47.458] [drdaemon] [info] Dump directory name set to: log
[2026-05-01 22:59:47.459] [drdaemon] [warning] Cannot set monitor interval: ProcessMonitor not initialized
[2026-05-01 22:59:47.459] [drdaemon] [info] Configuring follow process: recoverit.exe
[2026-05-01 22:59:47.459] [drdaemon] [info] Process follow exit enabled - will exit when 'recoverit.exe' exits
[2026-05-01 22:59:47.460] [drdaemon] [info] Configuring report policy: 2
[2026-05-01 22:59:47.460] [drdaemon] [info] Report policy set to: 2 - Only when valid dumps generated
[2026-05-01 22:59:47.460] [drdaemon] [info] Initializing service components...
[2026-05-01 22:59:47.460] [drdaemon] [info] Initializing daemon service components...
[2026-05-01 22:59:47.461] [drdaemon] [info] ProcessMonitor initialized
[2026-05-01 22:59:47.572] [drdaemon] [info] Created crash report directory: C:\ProgramData\Wondershare\Recoverit\drdaemon\CrashReports
[2026-05-01 22:59:47.572] [drdaemon] [info] Log directory name set to: log
[2026-05-01 22:59:47.572] [drdaemon] [info] Dump directory name set to: log
[2026-05-01 22:59:47.573] [drdaemon] [info] CrashReportPackager initialized
[2026-05-01 22:59:47.573] [drdaemon] [info] DaemonCrashReporter: Attempting to locate drreporter at: 
[2026-05-01 22:59:47.573] [drdaemon] [error] DaemonCrashReporter: drreporter.exe not found at: 
[2026-05-01 22:59:47.574] [drdaemon] [info] DaemonCrashReporter: Searching alternative locations...
[2026-05-01 22:59:47.574] [drdaemon] [error] DaemonCrashReporter: drreporter.exe not found in any location
[2026-05-01 22:59:47.575] [drdaemon] [warning] Error: Failed to initialize DR Reporter, will use fallback upload method
[2026-05-01 22:59:47.575] [drdaemon] [info] Using default upload (DR Reporter not available)
[2026-05-01 22:59:47.575] [drdaemon] [info] Setting default upload callback...
[2026-05-01 22:59:47.576] [drdaemon] [info] Default upload configured (local storage only)
[2026-05-01 22:59:47.576] [drdaemon] [info] Initializing follow process monitor for: recoverit.exe
[2026-05-01 22:59:47.576] [drdaemon] [info] Follow process monitor initialized - will exit when 'recoverit.exe' exits
[2026-05-01 22:59:47.576] [drdaemon] [info] IPC trigger event created (session-local): Local\\DRDaemon.TriggerCollect
[2026-05-01 22:59:47.577] [drdaemon] [info] Daemon service initialized successfully - monitoring: drengsrv.exe
[2026-05-01 22:59:47.577] [drdaemon] [info] Daemon service started successfully
[2026-05-01 22:59:47.577] [drdaemon] [info] Service configured - upload method: Default
[2026-05-01 22:59:47.578] [drdaemon] [warning] Using local storage only - crash reports will not be uploaded
[2026-05-01 22:59:47.578] [drdaemon] [info] Starting main service loop...
[2026-05-01 22:59:47.578] [drdaemon] [info] Starting daemon service main loop - target: drengsrv.exe, follow: recoverit.exe, upload: Default, policy: Only when valid dumps generated
[2026-05-01 22:59:47.578] [drdaemon] [info] Starting process monitor for: drengsrv.exe
[2026-05-01 22:59:47.579] [drdaemon] [info] Process monitor started successfully
[2026-05-01 22:59:47.579] [drdaemon] [info] Starting process monitor for: recoverit.exe
[2026-05-01 22:59:47.579] [drdaemon] [info] Process monitor loop started for: drengsrv.exe
[2026-05-01 22:59:47.580] [drdaemon] [info] Follow process monitor started - tracking 'recoverit.exe'
[2026-05-01 22:59:47.580] [drdaemon] [info] Process monitor loop started for: recoverit.exe
[2026-05-01 22:59:47.599] [drdaemon] [info] Process drengsrv.exe started (PID: 13464)
[2026-05-01 22:59:47.599] [drdaemon] [info] Process recoverit.exe started (PID: 12964)
[2026-05-01 23:59:49.699] [drdaemon] [info] Running periodic cleanup (7 days retention)...
[2026-05-01 23:59:49.708] [drdaemon] [info] Cleaning up crash reports older than 7 days
[2026-05-01 23:59:49.709] [drdaemon] [info] Cleaned up 0 old crash reports
[2026-05-02 00:32:20.872] [drdaemon] [warning] Process drengsrv.exe has exited (PID: 13464)
[2026-05-02 00:32:21.381] [drdaemon] [info] Process exit type: NORMAL
[2026-05-02 00:32:21.504] [drdaemon] [warning] Process drengsrv.exe (PID: 13464) exited, abnormal: false
[2026-05-02 00:32:21.558] [drdaemon] [info] Current report policy: Only when valid dumps generated
[2026-05-02 00:32:21.768] [drdaemon] [info] Process exit handling: WILL PROCESS - will check for valid dumps
[2026-05-02 00:32:21.769] [drdaemon] [info] Starting crash report collection for: drengsrv.exe
[2026-05-02 00:32:21.810] [drdaemon] [info] Creating crash report for process: drengsrv.exe (PID: 13464) using ProcessInfo
[2026-05-02 00:32:22.327] [drdaemon] [info] Found 23 log files in process directory (using ProcessInfo): C:\Program Files\Wondershare\Recoverit\log
[2026-05-02 00:32:22.443] [drdaemon] [info] Collected 23 log files from process directory using ProcessInfo
[2026-05-02 00:32:22.444] [drdaemon] [info] Collected 0 dump files from process dump directory
[2026-05-02 00:32:22.444] [drdaemon] [info] Extracting events for process: drengsrv.exe from log: Application
[2026-05-02 00:32:22.830] [drdaemon] [info] Found 0 events for process: drengsrv.exe
[2026-05-02 00:32:22.830] [drdaemon] [info] Extracting error events from log: System
[2026-05-02 00:32:23.002] [drdaemon] [info] Found 0 error/warning events
[2026-05-02 00:32:23.003] [drdaemon] [info] Collected 0 event log dump files
[2026-05-02 00:32:23.003] [drdaemon] [info] Crash report created: 20260501_233222_efee9f1e-70d2-4efb-ba29-76ece2fbc1ee [WER dumps: 0, Event log dumps: 0, Total dumps: 0, Auxiliary: 23, Events: 0]
[2026-05-02 00:32:23.003] [drdaemon] [info] Crash report created: 20260501_233222_efee9f1e-70d2-4efb-ba29-76ece2fbc1ee [drengsrv.exe(13464), dumps:0, aux:23, time:1777678341]
[2026-05-02 00:32:23.030] [drdaemon] [info] Valid dumps policy: 0 dump files found - will not upload
[2026-05-02 00:32:23.031] [drdaemon] [info] Crash report created but not uploaded due to policy: Only when valid dumps generated
[2026-05-02 00:32:28.225] [drdaemon] [warning] Process recoverit.exe has exited (PID: 12964)
[2026-05-02 00:32:28.225] [drdaemon] [info] Process exit type: NORMAL
[2026-05-02 00:32:28.225] [drdaemon] [info] Follow process 'recoverit.exe' (PID: 12964) has exited, abnormal: false
[2026-05-02 00:32:28.225] [drdaemon] [info] Daemon will exit following the target process
[2026-05-02 00:32:28.235] [drdaemon] [info] Daemon service main loop ended - reason: stop requested
[2026-05-02 00:32:28.235] [drdaemon] [info] Stopping process monitor...
[2026-05-02 00:32:28.236] [drdaemon] [info] Process monitor loop ended for: drengsrv.exe
[2026-05-02 00:32:28.236] [drdaemon] [info] Process monitor stopped
[2026-05-02 00:32:28.236] [drdaemon] [info] Stopping process monitor...
[2026-05-02 00:32:28.236] [drdaemon] [info] Process monitor loop ended for: recoverit.exe
[2026-05-02 00:32:28.236] [drdaemon] [info] Process monitor stopped
[2026-05-02 00:32:28.236] [drdaemon] [info] DR Daemon stopping...
